<?xml version='1.0' encoding='UTF-8'?>
<testsuite hostname="DELL-XPS15" name="DecoderSpec" tests="1" errors="0" failures="1" skipped="0" time="3.586" timestamp="2023-02-15T22:30:00">
          <properties>
[...]
</properties>
          <testcase classname="DecoderSpec" name="Decoder should pass" time="3.586">
                      <failure message="io_out=0 (0x0) did not equal expected=1 (0x1) (lines in DecoderSpec.scala: 13, 8, 7)" type="org.scalatest.exceptions.TestFailedException">org.scalatest.exceptions.TestFailedException: io_out=0 (0x0) did not equal expected=1 (0x1) (lines in DecoderSpec.scala: 13, 8, 7)
	at chiseltest.internal.TestEnvInterface.signalExpectFailure(TestEnvInterface.scala:60)
	at chiseltest.internal.TestEnvInterface.signalExpectFailure$(TestEnvInterface.scala:45)
	at DecoderSpec.signalExpectFailure(DecoderSpec.scala:5)
	at chiseltest.package$Utils$.expectFailed(package.scala:499)
	at chiseltest.package$Utils$.expectBits(package.scala:490)
	at chiseltest.package$testableUInt.expectInternal(package.scala:55)
	at chiseltest.package$testableUInt.expect(package.scala:57)
	at DecoderSpec.$anonfun$new$4(DecoderSpec.scala:13)
	at scala.collection.immutable.Range.foreach$mVc$sp(Range.scala:190)
	at DecoderSpec.$anonfun$new$3(DecoderSpec.scala:8)
	at DecoderSpec.$anonfun$new$3$adapted(DecoderSpec.scala:7)
	at chiseltest.internal.GenericBackend.$anonfun$run$1(GenericBackend.scala:153)
	at chiseltest.internal.ThreadedBackend$TesterThread$$anon$1.$anonfun$run$1(ThreadedBackend.scala:495)
	at chiseltest.internal.GenericBackend.doTimescope(GenericBackend.scala:98)
	at chiseltest.internal.ThreadedBackend$TesterThread$$anon$1.run(ThreadedBackend.scala:495)
	at java.base/java.lang.Thread.run(Thread.java:1589)
Caused by: chiseltest.internal.FailedExpectException: io_out=0 (0x0) did not equal expected=1 (0x1) (lines in DecoderSpec.scala: 13, 8, 7)
	... 16 more
</failure>
                    </testcase>
          <system-out><![CDATA[]]></system-out>
          <system-err><![CDATA[]]></system-err>
        </testsuite>